Arguments: 
  C:\Program Files\nodejs\node.exe C:\Users\liminal18\AppData\Roaming\npm\node_modules\yarn\bin\yarn.js add redux

PATH: 
  C:\Users\liminal18\bin;C:\Program Files\Git\mingw64\bin;C:\Program Files\Git\usr\local\bin;C:\Program Files\Git\usr\bin;C:\Program Files\Git\usr\bin;C:\Program Files\Git\mingw64\bin;C:\Program Files\Git\usr\bin;C:\Users\liminal18\bin;C:\ProgramData\Oracle\Java\javapath;C:\Program Files\PHP\v7.0;C:\Program Files (x86)\Lenovo\FusionEngine;C:\Windows\system32;C:\Windows;C:\Windows\System32\Wbem;C:\Windows\System32\WindowsPowerShell\v1.0;C:\Program Files (x86)\NVIDIA Corporation\PhysX\Common;C:\Program Files\Microsoft SQL Server\130\Tools\Binn;C:\Program Files\Git\cmd;C:\Program Files (x86)\Microsoft ASP.NET\ASP.NET Web Pages\v1.0;C:\Program Files\MySQL\MySQL Server 5.5\bin;C:\WINDOWS\system32;C:\WINDOWS;C:\WINDOWS\System32\Wbem;C:\WINDOWS\System32\WindowsPowerShell\v1.0;C:\Users\liminal18\.dnx\bin;C:\Program Files\Microsoft DNX\Dnvm;C:\Program Files\Microsoft SQL Server\Client SDK\ODBC\130\Tools\Binn;C:\Program Files (x86)\Microsoft SQL Server\130\Tools\Binn;C:\Program Files\Microsoft SQL Server\130\DTS\Binn;C:\Program Files (x86)\Microsoft SQL Server\Client SDK\ODBC\130\Tools\Binn;C:\Program Files (x86)\Microsoft SQL Server\130\DTS\Binn;C:\Program Files (x86)\Microsoft SQL Server\130\Tools\Binn\ManagementStudio;C:\WINDOWS\system32;C:\WINDOWS;C:\WINDOWS\System32\Wbem;C:\WINDOWS\System32\WindowsPowerShell\v1.0;C:\xampp\mysql\bin;C:\Program Files\nodejs;C:\ProgramData\ComposerSetup\bin;C:\Users\liminal18\AppData\Local\Microsoft\WindowsApps;C:\Users\liminal18\AppData\Local\atom\bin;C:\Users\liminal18\AppData\Roaming\npm;C:\Users\liminal18\AppData\Roaming\Composer\vendor\bin;C:\Program Files\Git\usr\bin\vendor_perl;C:\Program Files\Git\usr\bin\core_perl

Yarn version: 
  0.16.1

Node version: 
  4.6.0

Platform: 
  win32 x64

npm manifest: 
  {
    "name": "test3",
    "version": "0.0.1",
    "private": true,
    "scripts": {
      "start": "node node_modules/react-native/local-cli/cli.js start"
    },
    "dependencies": {
      "feedparser": "^1.1.5",
      "react": "15.3.2",
      "react-calendar": "^1.1.0",
      "react-native": "0.34.1",
      "react-native-material-design": "^0.3.7"
    },
    "devDependencies": {
      "request": "^2.75.0",
      "url": "^0.11.0",
      "yql": "^1.0.2"
    }
  }

yarn manifest: 
  No manifest

bower manifest: 
  No manifest

Lockfile: 
  No lockfile

Trace: 
  TypeError: Cannot use 'in' operator to search for '^1.1.0' in undefined
      at C:\Users\liminal18\AppData\Roaming\npm\node_modules\yarn\lib-legacy\resolvers\registries\npm-resolver.js:74:24
      at next (native)
      at step (C:\Users\liminal18\AppData\Roaming\npm\node_modules\yarn\node_modules\babel-runtime\helpers\asyncToGenerator.js:17:30)
      at C:\Users\liminal18\AppData\Roaming\npm\node_modules\yarn\node_modules\babel-runtime\helpers\asyncToGenerator.js:35:14
      at new Promise (C:\Users\liminal18\AppData\Roaming\npm\node_modules\yarn\node_modules\babel-runtime\node_modules\core-js\library\modules\es6.promise.js:191:7)
      at C:\Users\liminal18\AppData\Roaming\npm\node_modules\yarn\node_modules\babel-runtime\helpers\asyncToGenerator.js:14:12
      at Function.findVersionInRegistryResponse (C:\Users\liminal18\AppData\Roaming\npm\node_modules\yarn\lib-legacy\resolvers\registries\npm-resolver.js:84:7)
      at C:\Users\liminal18\AppData\Roaming\npm\node_modules\yarn\lib-legacy\resolvers\registries\npm-resolver.js:101:34
      at next (native)
      at step (C:\Users\liminal18\AppData\Roaming\npm\node_modules\yarn\node_modules\babel-runtime\helpers\asyncToGenerator.js:17:30)
